1635350583916	geckodriver	INFO	Listening on 127.0.0.1:16454
1635350584658	mozrunner::runner	INFO	Running command: "C:\\Program Files\\Mozilla Firefox\\firefox.exe" "--marionette" "-no-remote" "-profile" "C:\\Users\\Tom\\AppData\\Local\\Temp\\rust_mozprofileCKuyjx"
1635350597386	Marionette	INFO	Marionette enabled
console.warn: SearchSettings: "get: No settings file exists, new profile?" (new NotFoundError("Could not open the file at C:\\Users\\Tom\\AppData\\Local\\Temp\\rust_mozprofileCKuyjx\\search.json.mozlz4", (void 0)))
console.error: Region.jsm: "Error fetching region" (new Error("TIMEOUT", "resource://gre/modules/Region.jsm", 772))
console.error: Region.jsm: "Failed to fetch region" (new Error("TIMEOUT", "resource://gre/modules/Region.jsm", 419))
1635350629151	Marionette	INFO	Listening on port 16459
1635350630120	RemoteAgent	WARN	TLS certificate errors will be ignored for this session
JavaScript error: http://selenium1py.pythonanywhere.com/en-gb/catalogue/the-shellcoders-handbook_209/?promo=newYear, line 614: ReferenceError: oscar is not defined
1635350643219	Marionette	WARN	TimedPromise timed out after 500 ms: stacktrace:
TimedPromise/<@chrome://remote/content/marionette/sync.js:238:19
TimedPromise@chrome://remote/content/marionette/sync.js:223:10
interaction.flushEventLoop@chrome://remote/content/marionette/interaction.js:431:10
webdriverClickElement@chrome://remote/content/marionette/interaction.js:179:31
JavaScript error: http://selenium1py.pythonanywhere.com/en-gb/catalogue/the-shellcoders-handbook_209/?promo=newYear, line 718: ReferenceError: oscar is not defined
JavaScript error: resource://devtools/client/framework/toolbox.js, line 1942: TypeError: currentPanel is undefined
JavaScript error: resource://devtools/client/fronts/node.js, line 418: TypeError: this.parentFront is null
1635350747377	Marionette	INFO	Stopped listening on port 16459
JavaScript error: resource:///modules/Interactions.jsm, line 201: NS_ERROR_FAILURE: Component returned failure code: 0x80004005 (NS_ERROR_FAILURE) [nsIUserIdleService.removeIdleObserver]
1635350768098	geckodriver	INFO	Listening on 127.0.0.1:16620
1635350768628	mozrunner::runner	INFO	Running command: "C:\\Program Files\\Mozilla Firefox\\firefox.exe" "--marionette" "-no-remote" "-profile" "C:\\Users\\Tom\\AppData\\Local\\Temp\\rust_mozprofile62GYkZ"
1635350770917	Marionette	INFO	Marionette enabled
console.warn: SearchSettings: "get: No settings file exists, new profile?" (new NotFoundError("Could not open the file at C:\\Users\\Tom\\AppData\\Local\\Temp\\rust_mozprofile62GYkZ\\search.json.mozlz4", (void 0)))
1635350778412	Marionette	INFO	Listening on port 16625
1635350778764	RemoteAgent	WARN	TLS certificate errors will be ignored for this session
JavaScript error: http://selenium1py.pythonanywhere.com/en-gb/catalogue/the-shellcoders-handbook_209/?promo=newYear, line 614: ReferenceError: oscar is not defined
1635350783459	Marionette	WARN	TimedPromise timed out after 500 ms: stacktrace:
TimedPromise/<@chrome://remote/content/marionette/sync.js:238:19
TimedPromise@chrome://remote/content/marionette/sync.js:223:10
interaction.flushEventLoop@chrome://remote/content/marionette/interaction.js:431:10
webdriverClickElement@chrome://remote/content/marionette/interaction.js:179:31
JavaScript error: http://selenium1py.pythonanywhere.com/en-gb/catalogue/the-shellcoders-handbook_209/?promo=newYear, line 718: ReferenceError: oscar is not defined
1635350885871	Marionette	INFO	Stopped listening on port 16625
JavaScript error: resource:///modules/Interactions.jsm, line 201: NS_ERROR_FAILURE: Component returned failure code: 0x80004005 (NS_ERROR_FAILURE) [nsIUserIdleService.removeIdleObserver]

###!!! [Parent][RunMessage] Error: Channel closing: too late to send/recv, messages will be lost

1635350891136	geckodriver	INFO	Listening on 127.0.0.1:16731
1635350891669	mozrunner::runner	INFO	Running command: "C:\\Program Files\\Mozilla Firefox\\firefox.exe" "--marionette" "-no-remote" "-profile" "C:\\Users\\Tom\\AppData\\Local\\Temp\\rust_mozprofile9MU5ax"
1635350893577	Marionette	INFO	Marionette enabled
console.warn: SearchSettings: "get: No settings file exists, new profile?" (new NotFoundError("Could not open the file at C:\\Users\\Tom\\AppData\\Local\\Temp\\rust_mozprofile9MU5ax\\search.json.mozlz4", (void 0)))
1635350900614	Marionette	INFO	Listening on port 16736
1635350901584	RemoteAgent	WARN	TLS certificate errors will be ignored for this session
JavaScript error: http://selenium1py.pythonanywhere.com/en-gb/catalogue/the-shellcoders-handbook_209/?promo=newYear, line 614: ReferenceError: oscar is not defined
1635350908386	Marionette	WARN	TimedPromise timed out after 500 ms: stacktrace:
TimedPromise/<@chrome://remote/content/marionette/sync.js:238:19
TimedPromise@chrome://remote/content/marionette/sync.js:223:10
interaction.flushEventLoop@chrome://remote/content/marionette/interaction.js:431:10
webdriverClickElement@chrome://remote/content/marionette/interaction.js:179:31
JavaScript error: http://selenium1py.pythonanywhere.com/en-gb/catalogue/the-shellcoders-handbook_209/?promo=newYear, line 718: ReferenceError: oscar is not defined
1635351008603	Marionette	INFO	Stopped listening on port 16736
JavaScript error: resource:///modules/Interactions.jsm, line 201: NS_ERROR_FAILURE: Component returned failure code: 0x80004005 (NS_ERROR_FAILURE) [nsIUserIdleService.removeIdleObserver]
1635351032263	geckodriver	INFO	Listening on 127.0.0.1:16851
1635351032784	mozrunner::runner	INFO	Running command: "C:\\Program Files\\Mozilla Firefox\\firefox.exe" "--marionette" "-no-remote" "-profile" "C:\\Users\\Tom\\AppData\\Local\\Temp\\rust_mozprofiledorCeX"
1635351034106	Marionette	INFO	Marionette enabled
console.warn: SearchSettings: "get: No settings file exists, new profile?" (new NotFoundError("Could not open the file at C:\\Users\\Tom\\AppData\\Local\\Temp\\rust_mozprofiledorCeX\\search.json.mozlz4", (void 0)))
1635351040314	Marionette	INFO	Listening on port 16856
1635351041204	RemoteAgent	WARN	TLS certificate errors will be ignored for this session
JavaScript error: http://selenium1py.pythonanywhere.com/en-gb/catalogue/the-shellcoders-handbook_209/?promo=newYear, line 614: ReferenceError: oscar is not defined
1635351044997	Marionette	WARN	TimedPromise timed out after 500 ms: stacktrace:
TimedPromise/<@chrome://remote/content/marionette/sync.js:238:19
TimedPromise@chrome://remote/content/marionette/sync.js:223:10
interaction.flushEventLoop@chrome://remote/content/marionette/interaction.js:431:10
webdriverClickElement@chrome://remote/content/marionette/interaction.js:179:31
JavaScript error: http://selenium1py.pythonanywhere.com/en-gb/catalogue/the-shellcoders-handbook_209/?promo=newYear, line 718: ReferenceError: oscar is not defined
1635351145881	Marionette	INFO	Stopped listening on port 16856
JavaScript error: resource:///modules/Interactions.jsm, line 201: NS_ERROR_FAILURE: Component returned failure code: 0x80004005 (NS_ERROR_FAILURE) [nsIUserIdleService.removeIdleObserver]
1635351350342	geckodriver	INFO	Listening on 127.0.0.1:1131
1635351350872	mozrunner::runner	INFO	Running command: "C:\\Program Files\\Mozilla Firefox\\firefox.exe" "--marionette" "-no-remote" "-profile" "C:\\Users\\Tom\\AppData\\Local\\Temp\\rust_mozprofileZ2VnKH"
1635351351903	Marionette	INFO	Marionette enabled
console.warn: SearchSettings: "get: No settings file exists, new profile?" (new NotFoundError("Could not open the file at C:\\Users\\Tom\\AppData\\Local\\Temp\\rust_mozprofileZ2VnKH\\search.json.mozlz4", (void 0)))
1635351358798	Marionette	INFO	Listening on port 1136
1635351358850	RemoteAgent	WARN	TLS certificate errors will be ignored for this session
JavaScript error: http://selenium1py.pythonanywhere.com/en-gb/catalogue/the-shellcoders-handbook_209/?promo=newYear, line 614: ReferenceError: oscar is not defined
1635351363400	Marionette	WARN	TimedPromise timed out after 500 ms: stacktrace:
TimedPromise/<@chrome://remote/content/marionette/sync.js:238:19
TimedPromise@chrome://remote/content/marionette/sync.js:223:10
interaction.flushEventLoop@chrome://remote/content/marionette/interaction.js:431:10
webdriverClickElement@chrome://remote/content/marionette/interaction.js:179:31
1635351364701	Marionette	INFO	Stopped listening on port 1136
JavaScript error: resource:///modules/Interactions.jsm, line 201: NS_ERROR_FAILURE: Component returned failure code: 0x80004005 (NS_ERROR_FAILURE) [nsIUserIdleService.removeIdleObserver]
1635351396277	geckodriver	INFO	Listening on 127.0.0.1:1198
1635351396997	mozrunner::runner	INFO	Running command: "C:\\Program Files\\Mozilla Firefox\\firefox.exe" "--marionette" "-no-remote" "-profile" "C:\\Users\\Tom\\AppData\\Local\\Temp\\rust_mozprofileG4fy1R"
1635351397992	Marionette	INFO	Marionette enabled
console.warn: SearchSettings: "get: No settings file exists, new profile?" (new NotFoundError("Could not open the file at C:\\Users\\Tom\\AppData\\Local\\Temp\\rust_mozprofileG4fy1R\\search.json.mozlz4", (void 0)))
1635351404195	Marionette	INFO	Listening on port 1203
1635351405112	RemoteAgent	WARN	TLS certificate errors will be ignored for this session
JavaScript error: http://selenium1py.pythonanywhere.com/en-gb/catalogue/the-shellcoders-handbook_209/?promo=newYear, line 614: ReferenceError: oscar is not defined
1635351409564	Marionette	WARN	TimedPromise timed out after 500 ms: stacktrace:
TimedPromise/<@chrome://remote/content/marionette/sync.js:238:19
TimedPromise@chrome://remote/content/marionette/sync.js:223:10
interaction.flushEventLoop@chrome://remote/content/marionette/interaction.js:431:10
webdriverClickElement@chrome://remote/content/marionette/interaction.js:179:31
JavaScript error: http://selenium1py.pythonanywhere.com/en-gb/catalogue/the-shellcoders-handbook_209/?promo=newYear, line 718: ReferenceError: oscar is not defined
1635351420966	Marionette	INFO	Stopped listening on port 1203
JavaScript error: resource:///modules/Interactions.jsm, line 201: NS_ERROR_FAILURE: Component returned failure code: 0x80004005 (NS_ERROR_FAILURE) [nsIUserIdleService.removeIdleObserver]
1635351469618	geckodriver	INFO	Listening on 127.0.0.1:1283
1635351469651	mozrunner::runner	INFO	Running command: "C:\\Program Files\\Mozilla Firefox\\firefox.exe" "--marionette" "-no-remote" "-profile" "C:\\Users\\Tom\\AppData\\Local\\Temp\\rust_mozprofileGaYpwK"
1635351470366	Marionette	INFO	Marionette enabled
console.warn: SearchSettings: "get: No settings file exists, new profile?" (new NotFoundError("Could not open the file at C:\\Users\\Tom\\AppData\\Local\\Temp\\rust_mozprofileGaYpwK\\search.json.mozlz4", (void 0)))
1635351477349	Marionette	INFO	Listening on port 1288
1635351478455	RemoteAgent	WARN	TLS certificate errors will be ignored for this session
JavaScript error: http://selenium1py.pythonanywhere.com/en-gb/catalogue/the-shellcoders-handbook_209/?promo=newYear, line 614: ReferenceError: oscar is not defined
1635351482293	Marionette	WARN	TimedPromise timed out after 500 ms: stacktrace:
TimedPromise/<@chrome://remote/content/marionette/sync.js:238:19
TimedPromise@chrome://remote/content/marionette/sync.js:223:10
interaction.flushEventLoop@chrome://remote/content/marionette/interaction.js:431:10
webdriverClickElement@chrome://remote/content/marionette/interaction.js:179:31
1635351485919	Marionette	INFO	Stopped listening on port 1288
JavaScript error: resource:///modules/Interactions.jsm, line 201: NS_ERROR_FAILURE: Component returned failure code: 0x80004005 (NS_ERROR_FAILURE) [nsIUserIdleService.removeIdleObserver]
JavaScript error: resource://gre/modules/UrlClassifierListManager.jsm, line 691: TypeError: this.tablesData[table] is undefined
1635352056346	geckodriver	INFO	Listening on 127.0.0.1:1848
1635352056383	mozrunner::runner	INFO	Running command: "C:\\Program Files\\Mozilla Firefox\\firefox.exe" "--marionette" "-no-remote" "-profile" "C:\\Users\\Tom\\AppData\\Local\\Temp\\rust_mozprofileksojpA"
1635352056983	Marionette	INFO	Marionette enabled
console.warn: SearchSettings: "get: No settings file exists, new profile?" (new NotFoundError("Could not open the file at C:\\Users\\Tom\\AppData\\Local\\Temp\\rust_mozprofileksojpA\\search.json.mozlz4", (void 0)))
1635352064878	Marionette	INFO	Listening on port 1853
1635352066083	RemoteAgent	WARN	TLS certificate errors will be ignored for this session
JavaScript error: http://selenium1py.pythonanywhere.com/en-gb/catalogue/the-shellcoders-handbook_209/?promo=newYear, line 614: ReferenceError: oscar is not defined
1635352070861	Marionette	WARN	TimedPromise timed out after 500 ms: stacktrace:
TimedPromise/<@chrome://remote/content/marionette/sync.js:238:19
TimedPromise@chrome://remote/content/marionette/sync.js:223:10
interaction.flushEventLoop@chrome://remote/content/marionette/interaction.js:431:10
webdriverClickElement@chrome://remote/content/marionette/interaction.js:179:31
JavaScript error: http://selenium1py.pythonanywhere.com/en-gb/catalogue/the-shellcoders-handbook_209/?promo=newYear, line 718: ReferenceError: oscar is not defined
1635352081913	Marionette	INFO	Stopped listening on port 1853
JavaScript error: resource:///modules/Interactions.jsm, line 201: NS_ERROR_FAILURE: Component returned failure code: 0x80004005 (NS_ERROR_FAILURE) [nsIUserIdleService.removeIdleObserver]
1635352107711	geckodriver	INFO	Listening on 127.0.0.1:1940
1635352107751	mozrunner::runner	INFO	Running command: "C:\\Program Files\\Mozilla Firefox\\firefox.exe" "--marionette" "-no-remote" "-profile" "C:\\Users\\Tom\\AppData\\Local\\Temp\\rust_mozprofile1xmgEf"
1635352108378	Marionette	INFO	Marionette enabled
console.warn: SearchSettings: "get: No settings file exists, new profile?" (new NotFoundError("Could not open the file at C:\\Users\\Tom\\AppData\\Local\\Temp\\rust_mozprofile1xmgEf\\search.json.mozlz4", (void 0)))
1635352114418	Marionette	INFO	Listening on port 1945
1635352115429	RemoteAgent	WARN	TLS certificate errors will be ignored for this session
JavaScript error: http://selenium1py.pythonanywhere.com/en-gb/catalogue/the-shellcoders-handbook_209/?promo=newYear, line 614: ReferenceError: oscar is not defined
1635352120490	Marionette	WARN	TimedPromise timed out after 500 ms: stacktrace:
TimedPromise/<@chrome://remote/content/marionette/sync.js:238:19
TimedPromise@chrome://remote/content/marionette/sync.js:223:10
interaction.flushEventLoop@chrome://remote/content/marionette/interaction.js:431:10
webdriverClickElement@chrome://remote/content/marionette/interaction.js:179:31
JavaScript error: http://selenium1py.pythonanywhere.com/en-gb/catalogue/the-shellcoders-handbook_209/?promo=newYear, line 718: ReferenceError: oscar is not defined
1635352123737	Marionette	INFO	Stopped listening on port 1945
JavaScript error: resource:///modules/Interactions.jsm, line 201: NS_ERROR_FAILURE: Component returned failure code: 0x80004005 (NS_ERROR_FAILURE) [nsIUserIdleService.removeIdleObserver]
JavaScript error: resource://gre/modules/UrlClassifierListManager.jsm, line 691: TypeError: this.tablesData[table] is undefined
1635352165952	geckodriver	INFO	Listening on 127.0.0.1:2027
1635352166614	mozrunner::runner	INFO	Running command: "C:\\Program Files\\Mozilla Firefox\\firefox.exe" "--marionette" "-no-remote" "-profile" "C:\\Users\\Tom\\AppData\\Local\\Temp\\rust_mozprofileEb0wr3"
1635352167547	Marionette	INFO	Marionette enabled
console.warn: SearchSettings: "get: No settings file exists, new profile?" (new NotFoundError("Could not open the file at C:\\Users\\Tom\\AppData\\Local\\Temp\\rust_mozprofileEb0wr3\\search.json.mozlz4", (void 0)))
1635352177048	Marionette	INFO	Listening on port 2032
console.error: Region.jsm: "Error fetching region" (new Error("TIMEOUT", "resource://gre/modules/Region.jsm", 772))
console.error: Region.jsm: "Failed to fetch region" (new Error("TIMEOUT", "resource://gre/modules/Region.jsm", 419))
1635352179857	RemoteAgent	WARN	TLS certificate errors will be ignored for this session
JavaScript error: http://selenium1py.pythonanywhere.com/en-gb/catalogue/the-shellcoders-handbook_209/?promo=newYear, line 614: ReferenceError: oscar is not defined
1635352184350	Marionette	WARN	TimedPromise timed out after 500 ms: stacktrace:
TimedPromise/<@chrome://remote/content/marionette/sync.js:238:19
TimedPromise@chrome://remote/content/marionette/sync.js:223:10
interaction.flushEventLoop@chrome://remote/content/marionette/interaction.js:431:10
webdriverClickElement@chrome://remote/content/marionette/interaction.js:179:31
1635352186337	Marionette	INFO	Stopped listening on port 2032
JavaScript error: http://selenium1py.pythonanywhere.com/en-gb/catalogue/the-shellcoders-handbook_209/?promo=newYear, line 718: ReferenceError: oscar is not defined
JavaScript error: resource:///modules/Interactions.jsm, line 201: NS_ERROR_FAILURE: Component returned failure code: 0x80004005 (NS_ERROR_FAILURE) [nsIUserIdleService.removeIdleObserver]
JavaScript error: resource://gre/modules/UrlClassifierListManager.jsm, line 691: TypeError: this.tablesData[table] is undefined

###!!! [Child][RunMessage] Error: Channel closing: too late to send/recv, messages will be lost

[Parent 10604, IPC I/O Parent] WARNING: file /builds/worker/checkouts/gecko/ipc/chromium/src/base/process_util_win.cc:167
console.log: "RemoteSettingsWorker error: Error: Can't import when we've started shutting down."
JavaScript error: resource://gre/modules/JSONFile.jsm, line 186: Error: Data is not ready.
console.log: "RemoteSettingsWorker error: Error: Can't import when we've started shutting down."
console.log: "RemoteSettingsWorker error: Error: Can't import when we've started shutting down."
console.log: "RemoteSettingsWorker error: Error: Can't import when we've started shutting down."
console.log: "RemoteSettingsWorker error: Error: Can't import when we've started shutting down."
console.error: "Could not load engine google@search.mozilla.org: [Exception... \"AddonManager is not initialized\"  nsresult: \"0xc1f30001 (NS_ERROR_NOT_INITIALIZED)\"  location: \"JS frame :: resource://gre/modules/AddonManager.jsm :: installBuiltinAddon :: line 2526\"  data: no]"
console.log: "RemoteSettingsWorker error: Error: Can't import when we've started shutting down."
console.error: "Could not load engine wikipedia@search.mozilla.org: [Exception... \"AddonManager is not initialized\"  nsresult: \"0xc1f30001 (NS_ERROR_NOT_INITIALIZED)\"  location: \"JS frame :: resource://gre/modules/AddonManager.jsm :: installBuiltinAddon :: line 2526\"  data: no]"
console.error: "Could not load engine yandex@search.mozilla.org: [Exception... \"AddonManager is not initialized\"  nsresult: \"0xc1f30001 (NS_ERROR_NOT_INITIALIZED)\"  location: \"JS frame :: resource://gre/modules/AddonManager.jsm :: installBuiltinAddon :: line 2526\"  data: no]"
console.error: "Could not load engine ddg@search.mozilla.org: [Exception... \"AddonManager is not initialized\"  nsresult: \"0xc1f30001 (NS_ERROR_NOT_INITIALIZED)\"  location: \"JS frame :: resource://gre/modules/AddonManager.jsm :: installBuiltinAddon :: line 2526\"  data: no]"
console.error: "Could not load engine priceru@search.mozilla.org: [Exception... \"AddonManager is not initialized\"  nsresult: \"0xc1f30001 (NS_ERROR_NOT_INITIALIZED)\"  location: \"JS frame :: resource://gre/modules/AddonManager.jsm :: installBuiltinAddon :: line 2526\"  data: no]"
console.error: "Could not load engine mailru@search.mozilla.org: [Exception... \"AddonManager is not initialized\"  nsresult: \"0xc1f30001 (NS_ERROR_NOT_INITIALIZED)\"  location: \"JS frame :: resource://gre/modules/AddonManager.jsm :: installBuiltinAddon :: line 2526\"  data: no]"
console.error: "Could not load engine ozonru@search.mozilla.org: [Exception... \"AddonManager is not initialized\"  nsresult: \"0xc1f30001 (NS_ERROR_NOT_INITIALIZED)\"  location: \"JS frame :: resource://gre/modules/AddonManager.jsm :: installBuiltinAddon :: line 2526\"  data: no]"
console.warn: SearchService: "_init: abandoning init due to shutting down"
JavaScript error: resource://gre/modules/AsyncShutdown.jsm, line 575: uncaught exception: 2147500036
JavaScript error: resource://gre/modules/AsyncShutdown.jsm, line 575: uncaught exception: 2147500036
JavaScript error: resource://gre/modules/AsyncShutdown.jsm, line 575: uncaught exception: 2147500036
JavaScript error: resource://gre/modules/AsyncShutdown.jsm, line 575: uncaught exception: 2147500036
JavaScript error: resource://gre/modules/AsyncShutdown.jsm, line 575: uncaught exception: 2147500036
JavaScript error: resource://gre/modules/AsyncShutdown.jsm, line 575: uncaught exception: 2147500036
JavaScript error: resource://gre/modules/AsyncShutdown.jsm, line 575: uncaught exception: 2147500036
JavaScript error: , line 0: uncaught exception: 2147500036
1635352200187	geckodriver	INFO	Listening on 127.0.0.1:2105
1635352200564	mozrunner::runner	INFO	Running command: "C:\\Program Files\\Mozilla Firefox\\firefox.exe" "--marionette" "-no-remote" "-profile" "C:\\Users\\Tom\\AppData\\Local\\Temp\\rust_mozprofileDlFuqu"
1635352201489	Marionette	INFO	Marionette enabled
console.warn: SearchSettings: "get: No settings file exists, new profile?" (new NotFoundError("Could not open the file at C:\\Users\\Tom\\AppData\\Local\\Temp\\rust_mozprofileDlFuqu\\search.json.mozlz4", (void 0)))
1635352210458	Marionette	INFO	Listening on port 2110
1635352212513	RemoteAgent	WARN	TLS certificate errors will be ignored for this session
JavaScript error: http://selenium1py.pythonanywhere.com/en-gb/catalogue/the-shellcoders-handbook_209/?promo=newYear, line 614: ReferenceError: oscar is not defined
1635352216693	Marionette	WARN	TimedPromise timed out after 500 ms: stacktrace:
TimedPromise/<@chrome://remote/content/marionette/sync.js:238:19
TimedPromise@chrome://remote/content/marionette/sync.js:223:10
interaction.flushEventLoop@chrome://remote/content/marionette/interaction.js:431:10
webdriverClickElement@chrome://remote/content/marionette/interaction.js:179:31
JavaScript error: http://selenium1py.pythonanywhere.com/en-gb/catalogue/the-shellcoders-handbook_209/?promo=newYear, line 718: ReferenceError: oscar is not defined
1635352219713	Marionette	INFO	Stopped listening on port 2110
JavaScript error: resource:///modules/Interactions.jsm, line 201: NS_ERROR_FAILURE: Component returned failure code: 0x80004005 (NS_ERROR_FAILURE) [nsIUserIdleService.removeIdleObserver]
JavaScript error: resource://gre/modules/UrlClassifierListManager.jsm, line 691: TypeError: this.tablesData[table] is undefined
1635352235622	geckodriver	INFO	Listening on 127.0.0.1:2202
1635352236133	mozrunner::runner	INFO	Running command: "C:\\Program Files\\Mozilla Firefox\\firefox.exe" "--marionette" "-no-remote" "-profile" "C:\\Users\\Tom\\AppData\\Local\\Temp\\rust_mozprofileQzpvB2"
1635352237267	Marionette	INFO	Marionette enabled
console.warn: SearchSettings: "get: No settings file exists, new profile?" (new NotFoundError("Could not open the file at C:\\Users\\Tom\\AppData\\Local\\Temp\\rust_mozprofileQzpvB2\\search.json.mozlz4", (void 0)))
1635352245065	Marionette	INFO	Listening on port 2207
1635352245318	RemoteAgent	WARN	TLS certificate errors will be ignored for this session
JavaScript error: http://selenium1py.pythonanywhere.com/en-gb/catalogue/the-shellcoders-handbook_209/?promo=newYear, line 614: ReferenceError: oscar is not defined
1635352251218	Marionette	WARN	TimedPromise timed out after 500 ms: stacktrace:
TimedPromise/<@chrome://remote/content/marionette/sync.js:238:19
TimedPromise@chrome://remote/content/marionette/sync.js:223:10
interaction.flushEventLoop@chrome://remote/content/marionette/interaction.js:431:10
webdriverClickElement@chrome://remote/content/marionette/interaction.js:179:31
1635352252842	Marionette	INFO	Stopped listening on port 2207
JavaScript error: resource:///modules/Interactions.jsm, line 201: NS_ERROR_FAILURE: Component returned failure code: 0x80004005 (NS_ERROR_FAILURE) [nsIUserIdleService.removeIdleObserver]
JavaScript error: resource://gre/modules/UrlClassifierListManager.jsm, line 691: TypeError: this.tablesData[table] is undefined
console.log: "RemoteSettingsWorker error: AbortError: IndexedDB:  execute() A request was aborted, for example through a call to IDBTransaction.abort."
[Parent 16932, IPC I/O Parent] WARNING: file /builds/worker/checkouts/gecko/ipc/chromium/src/base/process_util_win.cc:167
JavaScript error: resource://gre/modules/JSONFile.jsm, line 186: Error: Data is not ready.
console.log: "RemoteSettingsWorker error: AbortError: IndexedDB:  execute() A request was aborted, for example through a call to IDBTransaction.abort."
console.log: "RemoteSettingsWorker error: AbortError: IndexedDB:  execute() A request was aborted, for example through a call to IDBTransaction.abort."
console.log: "RemoteSettingsWorker error: AbortError: IndexedDB:  execute() A request was aborted, for example through a call to IDBTransaction.abort."
console.error: "Could not load engine google@search.mozilla.org: [Exception... \"AddonManager is not initialized\"  nsresult: \"0xc1f30001 (NS_ERROR_NOT_INITIALIZED)\"  location: \"JS frame :: resource://gre/modules/AddonManager.jsm :: installBuiltinAddon :: line 2526\"  data: no]"
console.error: "Could not load engine wikipedia@search.mozilla.org: [Exception... \"AddonManager is not initialized\"  nsresult: \"0xc1f30001 (NS_ERROR_NOT_INITIALIZED)\"  location: \"JS frame :: resource://gre/modules/AddonManager.jsm :: installBuiltinAddon :: line 2526\"  data: no]"
console.error: "Could not load engine yandex@search.mozilla.org: [Exception... \"AddonManager is not initialized\"  nsresult: \"0xc1f30001 (NS_ERROR_NOT_INITIALIZED)\"  location: \"JS frame :: resource://gre/modules/AddonManager.jsm :: installBuiltinAddon :: line 2526\"  data: no]"
console.error: "Could not load engine ddg@search.mozilla.org: [Exception... \"AddonManager is not initialized\"  nsresult: \"0xc1f30001 (NS_ERROR_NOT_INITIALIZED)\"  location: \"JS frame :: resource://gre/modules/AddonManager.jsm :: installBuiltinAddon :: line 2526\"  data: no]"
console.error: "Could not load engine priceru@search.mozilla.org: [Exception... \"AddonManager is not initialized\"  nsresult: \"0xc1f30001 (NS_ERROR_NOT_INITIALIZED)\"  location: \"JS frame :: resource://gre/modules/AddonManager.jsm :: installBuiltinAddon :: line 2526\"  data: no]"
console.error: "Could not load engine mailru@search.mozilla.org: [Exception... \"AddonManager is not initialized\"  nsresult: \"0xc1f30001 (NS_ERROR_NOT_INITIALIZED)\"  location: \"JS frame :: resource://gre/modules/AddonManager.jsm :: installBuiltinAddon :: line 2526\"  data: no]"
console.error: "Could not load engine ozonru@search.mozilla.org: [Exception... \"AddonManager is not initialized\"  nsresult: \"0xc1f30001 (NS_ERROR_NOT_INITIALIZED)\"  location: \"JS frame :: resource://gre/modules/AddonManager.jsm :: installBuiltinAddon :: line 2526\"  data: no]"
console.warn: SearchService: "_init: abandoning init due to shutting down"
JavaScript error: resource://gre/modules/AsyncShutdown.jsm, line 575: uncaught exception: 2147500036
JavaScript error: resource://gre/modules/AsyncShutdown.jsm, line 575: uncaught exception: 2147500036
JavaScript error: resource://gre/modules/AsyncShutdown.jsm, line 575: uncaught exception: 2147500036
JavaScript error: resource://gre/modules/AsyncShutdown.jsm, line 575: uncaught exception: 2147500036
JavaScript error: resource://gre/modules/AsyncShutdown.jsm, line 575: uncaught exception: 2147500036
JavaScript error: resource://gre/modules/AsyncShutdown.jsm, line 575: uncaught exception: 2147500036
JavaScript error: resource://gre/modules/AsyncShutdown.jsm, line 575: uncaught exception: 2147500036
JavaScript error: resource://gre/modules/AsyncShutdown.jsm, line 575: uncaught exception: 2147500036
[Parent 16932, IPC I/O Parent] WARNING: file /builds/worker/checkouts/gecko/ipc/chromium/src/base/process_util_win.cc:167
JavaScript error: resource://gre/modules/CrashManager.jsm, line 829: AbortError: IOUtils: Shutting down and refusing additional I/O tasks
1635352352778	geckodriver	INFO	Listening on 127.0.0.1:2316
1635352353301	mozrunner::runner	INFO	Running command: "C:\\Program Files\\Mozilla Firefox\\firefox.exe" "--marionette" "-no-remote" "-profile" "C:\\Users\\Tom\\AppData\\Local\\Temp\\rust_mozprofileYjKDDp"
1635352354201	Marionette	INFO	Marionette enabled
console.warn: SearchSettings: "get: No settings file exists, new profile?" (new NotFoundError("Could not open the file at C:\\Users\\Tom\\AppData\\Local\\Temp\\rust_mozprofileYjKDDp\\search.json.mozlz4", (void 0)))
1635352360122	Marionette	INFO	Listening on port 2321
1635352361886	RemoteAgent	WARN	TLS certificate errors will be ignored for this session
JavaScript error: http://selenium1py.pythonanywhere.com/en-gb/catalogue/the-shellcoders-handbook_209/?promo=newYear, line 614: ReferenceError: oscar is not defined
1635352368415	Marionette	WARN	TimedPromise timed out after 500 ms: stacktrace:
TimedPromise/<@chrome://remote/content/marionette/sync.js:238:19
TimedPromise@chrome://remote/content/marionette/sync.js:223:10
interaction.flushEventLoop@chrome://remote/content/marionette/interaction.js:431:10
webdriverClickElement@chrome://remote/content/marionette/interaction.js:179:31
1635352370191	Marionette	INFO	Stopped listening on port 2321
JavaScript error: resource:///modules/Interactions.jsm, line 201: NS_ERROR_FAILURE: Component returned failure code: 0x80004005 (NS_ERROR_FAILURE) [nsIUserIdleService.removeIdleObserver]
JavaScript error: resource://gre/modules/UrlClassifierListManager.jsm, line 691: TypeError: this.tablesData[table] is undefined

###!!! [Child][RunMessage] Error: Channel closing: too late to send/recv, messages will be lost


###!!! [Child][RunMessage] Error: Channel closing: too late to send/recv, messages will be lost

1635352404220	geckodriver	INFO	Listening on 127.0.0.1:2373
1635352404278	mozrunner::runner	INFO	Running command: "C:\\Program Files\\Mozilla Firefox\\firefox.exe" "--marionette" "-no-remote" "-profile" "C:\\Users\\Tom\\AppData\\Local\\Temp\\rust_mozprofileu2QYSG"
1635352404887	Marionette	INFO	Marionette enabled
console.warn: SearchSettings: "get: No settings file exists, new profile?" (new NotFoundError("Could not open the file at C:\\Users\\Tom\\AppData\\Local\\Temp\\rust_mozprofileu2QYSG\\search.json.mozlz4", (void 0)))
1635352410522	Marionette	INFO	Listening on port 2378
1635352411053	RemoteAgent	WARN	TLS certificate errors will be ignored for this session
JavaScript error: http://selenium1py.pythonanywhere.com/en-gb/catalogue/the-shellcoders-handbook_209/?promo=newYear, line 614: ReferenceError: oscar is not defined
1635352415234	Marionette	WARN	TimedPromise timed out after 500 ms: stacktrace:
TimedPromise/<@chrome://remote/content/marionette/sync.js:238:19
TimedPromise@chrome://remote/content/marionette/sync.js:223:10
interaction.flushEventLoop@chrome://remote/content/marionette/interaction.js:431:10
webdriverClickElement@chrome://remote/content/marionette/interaction.js:179:31
1635352416869	Marionette	INFO	Stopped listening on port 2378
JavaScript error: resource:///modules/Interactions.jsm, line 201: NS_ERROR_FAILURE: Component returned failure code: 0x80004005 (NS_ERROR_FAILURE) [nsIUserIdleService.removeIdleObserver]
JavaScript error: resource://gre/modules/UrlClassifierListManager.jsm, line 691: TypeError: this.tablesData[table] is undefined

###!!! [Child][RunMessage] Error: Channel closing: too late to send/recv, messages will be lost

1635352535379	geckodriver	INFO	Listening on 127.0.0.1:2437
1635352535426	mozrunner::runner	INFO	Running command: "C:\\Program Files\\Mozilla Firefox\\firefox.exe" "--marionette" "-no-remote" "-profile" "C:\\Users\\Tom\\AppData\\Local\\Temp\\rust_mozprofileFAC2g3"
1635352536117	Marionette	INFO	Marionette enabled
console.warn: SearchSettings: "get: No settings file exists, new profile?" (new NotFoundError("Could not open the file at C:\\Users\\Tom\\AppData\\Local\\Temp\\rust_mozprofileFAC2g3\\search.json.mozlz4", (void 0)))
1635352542638	Marionette	INFO	Listening on port 2442
1635352543048	RemoteAgent	WARN	TLS certificate errors will be ignored for this session
JavaScript error: http://selenium1py.pythonanywhere.com/en-gb/catalogue/the-shellcoders-handbook_209/?promo=newYear, line 614: ReferenceError: oscar is not defined
1635352547602	Marionette	WARN	TimedPromise timed out after 500 ms: stacktrace:
TimedPromise/<@chrome://remote/content/marionette/sync.js:238:19
TimedPromise@chrome://remote/content/marionette/sync.js:223:10
interaction.flushEventLoop@chrome://remote/content/marionette/interaction.js:431:10
webdriverClickElement@chrome://remote/content/marionette/interaction.js:179:31
JavaScript error: http://selenium1py.pythonanywhere.com/en-gb/catalogue/the-shellcoders-handbook_209/?promo=newYear, line 718: ReferenceError: oscar is not defined
1635352549477	Marionette	INFO	Stopped listening on port 2442
JavaScript error: resource:///modules/Interactions.jsm, line 201: NS_ERROR_FAILURE: Component returned failure code: 0x80004005 (NS_ERROR_FAILURE) [nsIUserIdleService.removeIdleObserver]

###!!! [Child][RunMessage] Error: Channel closing: too late to send/recv, messages will be lost

JavaScript error: resource://gre/modules/UrlClassifierListManager.jsm, line 691: TypeError: this.tablesData[table] is undefined
1635352563034	geckodriver	INFO	Listening on 127.0.0.1:2490
1635352563081	mozrunner::runner	INFO	Running command: "C:\\Program Files\\Mozilla Firefox\\firefox.exe" "--marionette" "-no-remote" "-profile" "C:\\Users\\Tom\\AppData\\Local\\Temp\\rust_mozprofilelTpzyf"
1635352563731	Marionette	INFO	Marionette enabled
console.warn: SearchSettings: "get: No settings file exists, new profile?" (new NotFoundError("Could not open the file at C:\\Users\\Tom\\AppData\\Local\\Temp\\rust_mozprofilelTpzyf\\search.json.mozlz4", (void 0)))
1635352569379	Marionette	INFO	Listening on port 2495
1635352570093	RemoteAgent	WARN	TLS certificate errors will be ignored for this session
JavaScript error: http://selenium1py.pythonanywhere.com/en-gb/catalogue/the-shellcoders-handbook_209/?promo=newYear, line 614: ReferenceError: oscar is not defined
1635352573970	Marionette	WARN	TimedPromise timed out after 500 ms: stacktrace:
TimedPromise/<@chrome://remote/content/marionette/sync.js:238:19
TimedPromise@chrome://remote/content/marionette/sync.js:223:10
interaction.flushEventLoop@chrome://remote/content/marionette/interaction.js:431:10
webdriverClickElement@chrome://remote/content/marionette/interaction.js:179:31
1635352575424	Marionette	INFO	Stopped listening on port 2495
JavaScript error: resource:///modules/Interactions.jsm, line 201: NS_ERROR_FAILURE: Component returned failure code: 0x80004005 (NS_ERROR_FAILURE) [nsIUserIdleService.removeIdleObserver]
JavaScript error: resource://gre/modules/UrlClassifierListManager.jsm, line 691: TypeError: this.tablesData[table] is undefined

###!!! [Parent][MessageChannel] Error: (msgtype=0x39007A,name=PContent::Msg_DestroyBrowsingContextGroup) Closed channel: cannot send/recv


###!!! [Child][MessageChannel] Error: (msgtype=0x590008,name=PHttpChannel::Msg_DeletingChannel) Channel closing: too late to send/recv, messages will be lost


###!!! [Child][MessageChannel] Error: (msgtype=0x590008,name=PHttpChannel::Msg_DeletingChannel) Channel closing: too late to send/recv, messages will be lost


###!!! [Child][MessageChannel] Error: (msgtype=0x590008,name=PHttpChannel::Msg_DeletingChannel) Channel closing: too late to send/recv, messages will be lost


###!!! [Child][MessageChannel] Error: (msgtype=0x590008,name=PHttpChannel::Msg_DeletingChannel) Channel closing: too late to send/recv, messages will be lost

1635352606956	geckodriver	INFO	Listening on 127.0.0.1:2543
1635352607010	mozrunner::runner	INFO	Running command: "C:\\Program Files\\Mozilla Firefox\\firefox.exe" "--marionette" "-no-remote" "-profile" "C:\\Users\\Tom\\AppData\\Local\\Temp\\rust_mozprofilem4zicS"
1635352607577	Marionette	INFO	Marionette enabled
console.warn: SearchSettings: "get: No settings file exists, new profile?" (new NotFoundError("Could not open the file at C:\\Users\\Tom\\AppData\\Local\\Temp\\rust_mozprofilem4zicS\\search.json.mozlz4", (void 0)))
1635352612757	Marionette	INFO	Listening on port 2548
1635352613495	RemoteAgent	WARN	TLS certificate errors will be ignored for this session
JavaScript error: http://selenium1py.pythonanywhere.com/en-gb/catalogue/the-shellcoders-handbook_209/?promo=newYear, line 614: ReferenceError: oscar is not defined
1635352616583	Marionette	WARN	TimedPromise timed out after 500 ms: stacktrace:
TimedPromise/<@chrome://remote/content/marionette/sync.js:238:19
TimedPromise@chrome://remote/content/marionette/sync.js:223:10
interaction.flushEventLoop@chrome://remote/content/marionette/interaction.js:431:10
webdriverClickElement@chrome://remote/content/marionette/interaction.js:179:31
1635352618531	Marionette	INFO	Stopped listening on port 2548
JavaScript error: resource:///modules/Interactions.jsm, line 201: NS_ERROR_FAILURE: Component returned failure code: 0x80004005 (NS_ERROR_FAILURE) [nsIUserIdleService.removeIdleObserver]
JavaScript error: resource://gre/modules/UrlClassifierListManager.jsm, line 691: TypeError: this.tablesData[table] is undefined
1635352654573	geckodriver	INFO	Listening on 127.0.0.1:2593
1635352654632	mozrunner::runner	INFO	Running command: "C:\\Program Files\\Mozilla Firefox\\firefox.exe" "--marionette" "-no-remote" "-profile" "C:\\Users\\Tom\\AppData\\Local\\Temp\\rust_mozprofilejV6TWv"
1635352655264	Marionette	INFO	Marionette enabled
console.warn: SearchSettings: "get: No settings file exists, new profile?" (new NotFoundError("Could not open the file at C:\\Users\\Tom\\AppData\\Local\\Temp\\rust_mozprofilejV6TWv\\search.json.mozlz4", (void 0)))
1635352660936	Marionette	INFO	Listening on port 2598
1635352661483	RemoteAgent	WARN	TLS certificate errors will be ignored for this session
JavaScript error: http://selenium1py.pythonanywhere.com/en-gb/catalogue/the-shellcoders-handbook_209/?promo=newYear, line 614: ReferenceError: oscar is not defined
1635352666114	Marionette	WARN	TimedPromise timed out after 500 ms: stacktrace:
TimedPromise/<@chrome://remote/content/marionette/sync.js:238:19
TimedPromise@chrome://remote/content/marionette/sync.js:223:10
interaction.flushEventLoop@chrome://remote/content/marionette/interaction.js:431:10
webdriverClickElement@chrome://remote/content/marionette/interaction.js:179:31
1635352667724	Marionette	INFO	Stopped listening on port 2598
JavaScript error: http://selenium1py.pythonanywhere.com/en-gb/catalogue/the-shellcoders-handbook_209/?promo=newYear, line 718: ReferenceError: oscar is not defined
JavaScript error: resource:///modules/Interactions.jsm, line 201: NS_ERROR_FAILURE: Component returned failure code: 0x80004005 (NS_ERROR_FAILURE) [nsIUserIdleService.removeIdleObserver]
JavaScript error: resource://gre/modules/UrlClassifierListManager.jsm, line 691: TypeError: this.tablesData[table] is undefined
1635352683987	geckodriver	INFO	Listening on 127.0.0.1:2675
1635352684036	mozrunner::runner	INFO	Running command: "C:\\Program Files\\Mozilla Firefox\\firefox.exe" "--marionette" "-no-remote" "-profile" "C:\\Users\\Tom\\AppData\\Local\\Temp\\rust_mozprofilelVWfBl"
1635352684775	Marionette	INFO	Marionette enabled
console.warn: SearchSettings: "get: No settings file exists, new profile?" (new NotFoundError("Could not open the file at C:\\Users\\Tom\\AppData\\Local\\Temp\\rust_mozprofilelVWfBl\\search.json.mozlz4", (void 0)))
1635352691398	Marionette	INFO	Listening on port 2680
1635352692243	RemoteAgent	WARN	TLS certificate errors will be ignored for this session
JavaScript error: http://selenium1py.pythonanywhere.com/en-gb/catalogue/the-shellcoders-handbook_209/?promo=newYear, line 614: ReferenceError: oscar is not defined
1635352696518	Marionette	WARN	TimedPromise timed out after 500 ms: stacktrace:
TimedPromise/<@chrome://remote/content/marionette/sync.js:238:19
TimedPromise@chrome://remote/content/marionette/sync.js:223:10
interaction.flushEventLoop@chrome://remote/content/marionette/interaction.js:431:10
webdriverClickElement@chrome://remote/content/marionette/interaction.js:179:31
JavaScript error: http://selenium1py.pythonanywhere.com/en-gb/catalogue/the-shellcoders-handbook_209/?promo=newYear, line 718: ReferenceError: oscar is not defined
1635352698235	Marionette	INFO	Stopped listening on port 2680
JavaScript error: resource:///modules/Interactions.jsm, line 201: NS_ERROR_FAILURE: Component returned failure code: 0x80004005 (NS_ERROR_FAILURE) [nsIUserIdleService.removeIdleObserver]
JavaScript error: resource://gre/modules/UrlClassifierListManager.jsm, line 691: TypeError: this.tablesData[table] is undefined
console.error: PushService: 
  stateChangeProcessEnqueue: Error transitioning state
  Message: Error: Data is not ready.
  Stack:
    get data@resource://gre/modules/JSONFile.jsm:186:13
getListeners@resource://gre/modules/PushBroadcastService.jsm:66:5
observe@resource://gre/modules/AsyncShutdown.jsm:575:16

1635352774406	geckodriver	INFO	Listening on 127.0.0.1:2727
1635352774455	mozrunner::runner	INFO	Running command: "C:\\Program Files\\Mozilla Firefox\\firefox.exe" "--marionette" "-no-remote" "-profile" "C:\\Users\\Tom\\AppData\\Local\\Temp\\rust_mozprofileQXprM5"
1635352775050	Marionette	INFO	Marionette enabled
console.warn: SearchSettings: "get: No settings file exists, new profile?" (new NotFoundError("Could not open the file at C:\\Users\\Tom\\AppData\\Local\\Temp\\rust_mozprofileQXprM5\\search.json.mozlz4", (void 0)))
1635352780843	Marionette	INFO	Listening on port 2732
1635352780960	RemoteAgent	WARN	TLS certificate errors will be ignored for this session
JavaScript error: http://selenium1py.pythonanywhere.com/en-gb/catalogue/the-shellcoders-handbook_209/?promo=newYear, line 614: ReferenceError: oscar is not defined
1635352785353	Marionette	WARN	TimedPromise timed out after 500 ms: stacktrace:
TimedPromise/<@chrome://remote/content/marionette/sync.js:238:19
TimedPromise@chrome://remote/content/marionette/sync.js:223:10
interaction.flushEventLoop@chrome://remote/content/marionette/interaction.js:431:10
webdriverClickElement@chrome://remote/content/marionette/interaction.js:179:31
JavaScript error: http://selenium1py.pythonanywhere.com/en-gb/catalogue/the-shellcoders-handbook_209/?promo=newYear, line 718: ReferenceError: oscar is not defined
1635352795061	Marionette	INFO	Stopped listening on port 2732
JavaScript error: resource:///modules/Interactions.jsm, line 201: NS_ERROR_FAILURE: Component returned failure code: 0x80004005 (NS_ERROR_FAILURE) [nsIUserIdleService.removeIdleObserver]
console.warn: TopSitesFeed: Failed to fetch data from Contile server: NetworkError when attempting to fetch resource.
JavaScript error: chrome://remote/content/marionette/cert.js, line 55: NS_ERROR_NOT_AVAILABLE: Component returned failure code: 0x80040111 (NS_ERROR_NOT_AVAILABLE) [nsICertOverrideService.setDisableAllSecurityChecksAndLetAttackersInterceptMyData]
[Parent 1384, IPC I/O Parent] WARNING: file /builds/worker/checkouts/gecko/ipc/chromium/src/base/process_util_win.cc:167
1635359835483	geckodriver	INFO	Listening on 127.0.0.1:13738
1635359835938	mozrunner::runner	INFO	Running command: "C:\\Program Files\\Mozilla Firefox\\firefox.exe" "--marionette" "-no-remote" "-profile" "C:\\Users\\Tom\\AppData\\Local\\Temp\\rust_mozprofilea2aJIR"
1635359848908	Marionette	INFO	Marionette enabled
console.warn: SearchSettings: "get: No settings file exists, new profile?" (new NotFoundError("Could not open the file at C:\\Users\\Tom\\AppData\\Local\\Temp\\rust_mozprofilea2aJIR\\search.json.mozlz4", (void 0)))
console.error: Region.jsm: "Error fetching region" (new Error("TIMEOUT", "resource://gre/modules/Region.jsm", 772))
console.error: Region.jsm: "Failed to fetch region" (new Error("TIMEOUT", "resource://gre/modules/Region.jsm", 419))
1635359878946	Marionette	INFO	Listening on port 13743
1635359879385	RemoteAgent	WARN	TLS certificate errors will be ignored for this session
JavaScript error: http://selenium1py.pythonanywhere.com/en-gb/catalogue/the-shellcoders-handbook_209/?promo=newYear, line 614: ReferenceError: oscar is not defined
1635359889558	Marionette	WARN	TimedPromise timed out after 500 ms: stacktrace:
TimedPromise/<@chrome://remote/content/marionette/sync.js:238:19
TimedPromise@chrome://remote/content/marionette/sync.js:223:10
interaction.flushEventLoop@chrome://remote/content/marionette/interaction.js:431:10
webdriverClickElement@chrome://remote/content/marionette/interaction.js:179:31
JavaScript error: http://selenium1py.pythonanywhere.com/en-gb/catalogue/the-shellcoders-handbook_209/?promo=newYear, line 718: ReferenceError: oscar is not defined
JavaScript error: resource://devtools/client/framework/toolbox.js, line 1942: TypeError: currentPanel is undefined
1635359992314	Marionette	INFO	Stopped listening on port 13743
JavaScript error: resource:///modules/Interactions.jsm, line 201: NS_ERROR_FAILURE: Component returned failure code: 0x80004005 (NS_ERROR_FAILURE) [nsIUserIdleService.removeIdleObserver]
console.error: "stylesheets: fetch failed for http://selenium1py.pythonanywhere.com/static/oscar/css/styles.423bec201e38.css, using system principal instead."
1635359999988	geckodriver	INFO	Listening on 127.0.0.1:13816
1635360000442	mozrunner::runner	INFO	Running command: "C:\\Program Files\\Mozilla Firefox\\firefox.exe" "--marionette" "-no-remote" "-profile" "C:\\Users\\Tom\\AppData\\Local\\Temp\\rust_mozprofile4jYyaU"
1635360003307	Marionette	INFO	Marionette enabled
console.warn: SearchSettings: "get: No settings file exists, new profile?" (new NotFoundError("Could not open the file at C:\\Users\\Tom\\AppData\\Local\\Temp\\rust_mozprofile4jYyaU\\search.json.mozlz4", (void 0)))
1635360012844	Marionette	INFO	Listening on port 13821
1635360013708	RemoteAgent	WARN	TLS certificate errors will be ignored for this session
JavaScript error: http://selenium1py.pythonanywhere.com/en-gb/catalogue/the-shellcoders-handbook_209/?promo=newYear, line 614: ReferenceError: oscar is not defined
1635360017892	Marionette	WARN	TimedPromise timed out after 500 ms: stacktrace:
TimedPromise/<@chrome://remote/content/marionette/sync.js:238:19
TimedPromise@chrome://remote/content/marionette/sync.js:223:10
interaction.flushEventLoop@chrome://remote/content/marionette/interaction.js:431:10
webdriverClickElement@chrome://remote/content/marionette/interaction.js:179:31
JavaScript error: http://selenium1py.pythonanywhere.com/en-gb/catalogue/the-shellcoders-handbook_209/?promo=newYear, line 718: ReferenceError: oscar is not defined
IPDL protocol error: Handler returned error code!

###!!! [Parent][DispatchAsyncMessage] Error: PClientManager::Msg_ExpectFutureClientSource Processing error: message was deserialized, but the handler returned false (indicating failure)

IPDL protocol error: Handler returned error code!

###!!! [Parent][DispatchAsyncMessage] Error: PClientManager::Msg_ForgetFutureClientSource Processing error: message was deserialized, but the handler returned false (indicating failure)

1635360118899	Marionette	INFO	Stopped listening on port 13821
JavaScript error: resource:///modules/Interactions.jsm, line 201: NS_ERROR_FAILURE: Component returned failure code: 0x80004005 (NS_ERROR_FAILURE) [nsIUserIdleService.removeIdleObserver]
1635360276155	geckodriver	INFO	Listening on 127.0.0.1:1153
1635360276626	mozrunner::runner	INFO	Running command: "C:\\Program Files\\Mozilla Firefox\\firefox.exe" "--marionette" "-no-remote" "-profile" "C:\\Users\\Tom\\AppData\\Local\\Temp\\rust_mozprofile3pTRn7"
1635360277912	Marionette	INFO	Marionette enabled
console.warn: SearchSettings: "get: No settings file exists, new profile?" (new NotFoundError("Could not open the file at C:\\Users\\Tom\\AppData\\Local\\Temp\\rust_mozprofile3pTRn7\\search.json.mozlz4", (void 0)))
1635360284641	Marionette	INFO	Listening on port 1158
1635360285401	RemoteAgent	WARN	TLS certificate errors will be ignored for this session
JavaScript error: http://selenium1py.pythonanywhere.com/en-gb/catalogue/the-shellcoders-handbook_209/?promo=newYear, line 614: ReferenceError: oscar is not defined
1635360289596	Marionette	WARN	TimedPromise timed out after 500 ms: stacktrace:
TimedPromise/<@chrome://remote/content/marionette/sync.js:238:19
TimedPromise@chrome://remote/content/marionette/sync.js:223:10
interaction.flushEventLoop@chrome://remote/content/marionette/interaction.js:431:10
webdriverClickElement@chrome://remote/content/marionette/interaction.js:179:31
JavaScript error: http://selenium1py.pythonanywhere.com/en-gb/catalogue/the-shellcoders-handbook_209/?promo=newYear, line 718: ReferenceError: oscar is not defined
1635360400528	Marionette	INFO	Stopped listening on port 1158
JavaScript error: resource:///modules/Interactions.jsm, line 201: NS_ERROR_FAILURE: Component returned failure code: 0x80004005 (NS_ERROR_FAILURE) [nsIUserIdleService.removeIdleObserver]
1635360594068	geckodriver	INFO	Listening on 127.0.0.1:1246
1635360594136	mozrunner::runner	INFO	Running command: "C:\\Program Files\\Mozilla Firefox\\firefox.exe" "--marionette" "-no-remote" "-profile" "C:\\Users\\Tom\\AppData\\Local\\Temp\\rust_mozprofilegKFR0b"
1635360594714	Marionette	INFO	Marionette enabled
console.warn: SearchSettings: "get: No settings file exists, new profile?" (new NotFoundError("Could not open the file at C:\\Users\\Tom\\AppData\\Local\\Temp\\rust_mozprofilegKFR0b\\search.json.mozlz4", (void 0)))
1635360600701	Marionette	INFO	Listening on port 1251
1635360601545	RemoteAgent	WARN	TLS certificate errors will be ignored for this session
JavaScript error: http://selenium1py.pythonanywhere.com/en-gb/catalogue/the-shellcoders-handbook_209/?promo=newYear, line 614: ReferenceError: oscar is not defined
1635360605778	Marionette	WARN	TimedPromise timed out after 500 ms: stacktrace:
TimedPromise/<@chrome://remote/content/marionette/sync.js:238:19
TimedPromise@chrome://remote/content/marionette/sync.js:223:10
interaction.flushEventLoop@chrome://remote/content/marionette/interaction.js:431:10
webdriverClickElement@chrome://remote/content/marionette/interaction.js:179:31
JavaScript error: http://selenium1py.pythonanywhere.com/en-gb/catalogue/the-shellcoders-handbook_209/?promo=newYear, line 718: ReferenceError: oscar is not defined
1635360706428	Marionette	INFO	Stopped listening on port 1251
JavaScript error: resource:///modules/Interactions.jsm, line 201: NS_ERROR_FAILURE: Component returned failure code: 0x80004005 (NS_ERROR_FAILURE) [nsIUserIdleService.removeIdleObserver]
[Parent 3684, IPC I/O Parent] WARNING: file /builds/worker/checkouts/gecko/ipc/chromium/src/base/process_util_win.cc:167
1635360764794	geckodriver	INFO	Listening on 127.0.0.1:1300
1635360764831	mozrunner::runner	INFO	Running command: "C:\\Program Files\\Mozilla Firefox\\firefox.exe" "--marionette" "-no-remote" "-profile" "C:\\Users\\Tom\\AppData\\Local\\Temp\\rust_mozprofileATLmAk"
1635360765373	Marionette	INFO	Marionette enabled
console.warn: SearchSettings: "get: No settings file exists, new profile?" (new NotFoundError("Could not open the file at C:\\Users\\Tom\\AppData\\Local\\Temp\\rust_mozprofileATLmAk\\search.json.mozlz4", (void 0)))
1635360770678	Marionette	INFO	Listening on port 1305
1635360771503	RemoteAgent	WARN	TLS certificate errors will be ignored for this session
JavaScript error: http://selenium1py.pythonanywhere.com/en-gb/catalogue/the-shellcoders-handbook_209/?promo=newYear, line 614: ReferenceError: oscar is not defined
1635360775986	Marionette	WARN	TimedPromise timed out after 500 ms: stacktrace:
TimedPromise/<@chrome://remote/content/marionette/sync.js:238:19
TimedPromise@chrome://remote/content/marionette/sync.js:223:10
interaction.flushEventLoop@chrome://remote/content/marionette/interaction.js:431:10
webdriverClickElement@chrome://remote/content/marionette/interaction.js:179:31
JavaScript error: http://selenium1py.pythonanywhere.com/en-gb/catalogue/the-shellcoders-handbook_209/?promo=newYear, line 718: ReferenceError: oscar is not defined
1635360826512	Marionette	INFO	Stopped listening on port 1305
JavaScript error: resource:///modules/Interactions.jsm, line 201: NS_ERROR_FAILURE: Component returned failure code: 0x80004005 (NS_ERROR_FAILURE) [nsIUserIdleService.removeIdleObserver]
1635360997902	geckodriver	INFO	Listening on 127.0.0.1:1359
1635360997994	mozrunner::runner	INFO	Running command: "C:\\Program Files\\Mozilla Firefox\\firefox.exe" "--marionette" "-no-remote" "-profile" "C:\\Users\\Tom\\AppData\\Local\\Temp\\rust_mozprofileSrMkrG"
1635360998638	Marionette	INFO	Marionette enabled
console.warn: SearchSettings: "get: No settings file exists, new profile?" (new NotFoundError("Could not open the file at C:\\Users\\Tom\\AppData\\Local\\Temp\\rust_mozprofileSrMkrG\\search.json.mozlz4", (void 0)))
1635361004411	Marionette	INFO	Listening on port 1364
1635361005274	RemoteAgent	WARN	TLS certificate errors will be ignored for this session
JavaScript error: http://selenium1py.pythonanywhere.com/en-gb/catalogue/the-shellcoders-handbook_209/?promo=newYear, line 614: ReferenceError: oscar is not defined
1635361011576	Marionette	WARN	TimedPromise timed out after 500 ms: stacktrace:
TimedPromise/<@chrome://remote/content/marionette/sync.js:238:19
TimedPromise@chrome://remote/content/marionette/sync.js:223:10
interaction.flushEventLoop@chrome://remote/content/marionette/interaction.js:431:10
webdriverClickElement@chrome://remote/content/marionette/interaction.js:179:31
JavaScript error: http://selenium1py.pythonanywhere.com/en-gb/catalogue/the-shellcoders-handbook_209/?promo=newYear, line 718: ReferenceError: oscar is not defined
1635361024996	Marionette	INFO	Stopped listening on port 1364
JavaScript error: resource:///modules/Interactions.jsm, line 201: NS_ERROR_FAILURE: Component returned failure code: 0x80004005 (NS_ERROR_FAILURE) [nsIUserIdleService.removeIdleObserver]
1635361119719	geckodriver	INFO	Listening on 127.0.0.1:1416
1635361119769	mozrunner::runner	INFO	Running command: "C:\\Program Files\\Mozilla Firefox\\firefox.exe" "--marionette" "-no-remote" "-profile" "C:\\Users\\Tom\\AppData\\Local\\Temp\\rust_mozprofilefVeAFZ"
1635361120413	Marionette	INFO	Marionette enabled
console.warn: SearchSettings: "get: No settings file exists, new profile?" (new NotFoundError("Could not open the file at C:\\Users\\Tom\\AppData\\Local\\Temp\\rust_mozprofilefVeAFZ\\search.json.mozlz4", (void 0)))
1635361126301	Marionette	INFO	Listening on port 1421
1635361127037	RemoteAgent	WARN	TLS certificate errors will be ignored for this session
JavaScript error: http://selenium1py.pythonanywhere.com/en-gb/catalogue/the-shellcoders-handbook_209/?promo=newYear, line 614: ReferenceError: oscar is not defined
1635361130556	Marionette	WARN	TimedPromise timed out after 500 ms: stacktrace:
TimedPromise/<@chrome://remote/content/marionette/sync.js:238:19
TimedPromise@chrome://remote/content/marionette/sync.js:223:10
interaction.flushEventLoop@chrome://remote/content/marionette/interaction.js:431:10
webdriverClickElement@chrome://remote/content/marionette/interaction.js:179:31
JavaScript error: http://selenium1py.pythonanywhere.com/en-gb/catalogue/the-shellcoders-handbook_209/?promo=newYear, line 718: ReferenceError: oscar is not defined
IPDL protocol error: Handler returned error code!

###!!! [Parent][DispatchAsyncMessage] Error: PClientManager::Msg_ExpectFutureClientSource Processing error: message was deserialized, but the handler returned false (indicating failure)

1635361191253	Marionette	INFO	Stopped listening on port 1421
console.warn: "Async method failed in safeAsyncMethod" (new Error("Connection closed, pending request to server0.conn0.windowGlobal2147483651/customhighlighter53, type hide failed\n\nRequest stack:\nrequest@resource://devtools/shared/protocol/Front.js:292:14\ngenerateRequestMethods/</frontProto[name]@resource://devtools/shared/protocol/Front/FrontClassWithSpec.js:46:19\nhide@resource://devtools/client/fronts/highlighters.js:32:18\nexports.safeAsyncMethod/<@resource://devtools/shared/async-utils.js:61:25\nhideHighlighterType@resource://devtools/client/inspector/shared/highlighters-overlay.js:640:23\nexports.safeAsyncMethod/<@resource://devtools/shared/async-utils.js:61:25\n_hideBoxModel@resource://devtools/client/inspector/markup/markup.js:731:40\n_onMouseOut@resource://devtools/client/inspector/markup/markup.js:699:16\nobserve@resource://gre/modules/AsyncShutdown.jsm:575:16\nGeckoDriver.prototype.quit@chrome://remote/content/marionette/driver.js:2662:20\ndespatch@chrome://remote/content/marionette/server.js:306:40\nexecute@chrome://remote/content/marionette/server.js:279:16\nonPacket/<@chrome://remote/content/marionette/server.js:252:20\nonPacket@chrome://remote/content/marionette/server.js:253:9\n_onJSONObjectReady/<@chrome://remote/content/marionette/transport.js:500:20\n", "resource://devtools/shared/protocol/Front.js", 106))
JavaScript error: , line 0: NotFoundError: No such JSWindowActor 'DevToolsFrame'
JavaScript error: resource:///modules/Interactions.jsm, line 201: NS_ERROR_FAILURE: Component returned failure code: 0x80004005 (NS_ERROR_FAILURE) [nsIUserIdleService.removeIdleObserver]
IPDL protocol error: Handler returned error code!

###!!! [Parent][DispatchAsyncMessage] Error: PClientManager::Msg_ForgetFutureClientSource Processing error: message was deserialized, but the handler returned false (indicating failure)


###!!! [Parent][MessageChannel] Error: (msgtype=0x39007A,name=PContent::Msg_DestroyBrowsingContextGroup) Closed channel: cannot send/recv


###!!! [Child][MessageChannel] Error: (msgtype=0x23002F,name=PBrowser::Msg___delete__) Channel closing: too late to send/recv, messages will be lost

1635361199288	geckodriver	INFO	Listening on 127.0.0.1:1520
1635361199769	mozrunner::runner	INFO	Running command: "C:\\Program Files\\Mozilla Firefox\\firefox.exe" "--marionette" "-no-remote" "-profile" "C:\\Users\\Tom\\AppData\\Local\\Temp\\rust_mozprofileRDTOvV"
1635361202053	Marionette	INFO	Marionette enabled
console.warn: SearchSettings: "get: No settings file exists, new profile?" (new NotFoundError("Could not open the file at C:\\Users\\Tom\\AppData\\Local\\Temp\\rust_mozprofileRDTOvV\\search.json.mozlz4", (void 0)))
1635361214065	Marionette	INFO	Listening on port 1525
console.error: Region.jsm: "Error fetching region" (new Error("TIMEOUT", "resource://gre/modules/Region.jsm", 772))
console.error: Region.jsm: "Failed to fetch region" (new Error("TIMEOUT", "resource://gre/modules/Region.jsm", 419))
1635361216088	RemoteAgent	WARN	TLS certificate errors will be ignored for this session
JavaScript error: http://selenium1py.pythonanywhere.com/en-gb/catalogue/the-shellcoders-handbook_209/?promo=newYear, line 614: ReferenceError: oscar is not defined
1635361222361	Marionette	WARN	TimedPromise timed out after 500 ms: stacktrace:
TimedPromise/<@chrome://remote/content/marionette/sync.js:238:19
TimedPromise@chrome://remote/content/marionette/sync.js:223:10
interaction.flushEventLoop@chrome://remote/content/marionette/interaction.js:431:10
webdriverClickElement@chrome://remote/content/marionette/interaction.js:179:31
JavaScript error: http://selenium1py.pythonanywhere.com/en-gb/catalogue/the-shellcoders-handbook_209/?promo=newYear, line 718: ReferenceError: oscar is not defined
1635361246534	Marionette	INFO	Stopped listening on port 1525
JavaScript error: resource:///modules/Interactions.jsm, line 201: NS_ERROR_FAILURE: Component returned failure code: 0x80004005 (NS_ERROR_FAILURE) [nsIUserIdleService.removeIdleObserver]
console.warn: TopSitesFeed: Failed to fetch data from Contile server: NetworkError when attempting to fetch resource.
JavaScript error: chrome://remote/content/marionette/cert.js, line 55: NS_ERROR_NOT_AVAILABLE: Component returned failure code: 0x80040111 (NS_ERROR_NOT_AVAILABLE) [nsICertOverrideService.setDisableAllSecurityChecksAndLetAttackersInterceptMyData]
